<?xml version="1.0" encoding="UTF-8"?>
<!-- Generated by org.testng.reporters.JUnitXMLReporter -->
<testsuite ignored="0" hostname="Asplap2656" failures="2" tests="2" name="Default test" time="2.128" errors="0" timestamp="2024-01-10T14:35:10 IST">
  <testcase classname="io.cucumber.testng.AbstractTestNGCucumberTests" name="runScenario" time="1.407">
    <failure type="java.io.FileNotFoundException" message="C:\Users\sathish.suresh\eclipse-workspace\RestApiFramwork\src\test\java\Resource\global.properties (The system cannot find the path specified)">
      <![CDATA[java.io.FileNotFoundException: C:\Users\sathish.suresh\eclipse-workspace\RestApiFramwork\src\test\java\Resource\global.properties (The system cannot find the path specified)
at java.base/java.io.FileInputStream.open0(Native Method)
at java.base/java.io.FileInputStream.open(FileInputStream.java:216)
at java.base/java.io.FileInputStream.<init>(FileInputStream.java:157)
at java.base/java.io.FileInputStream.<init>(FileInputStream.java:111)
at Resource.Utils.getGlobalProperty(Utils.java:42)
at Resource.Utils.getRequestSpecification(Utils.java:25)
at stepDefinations.stepDefination.add_place_payload_with(stepDefination.java:31)
at ✽.Add Place payload with "29, side layout, cohen 09" "(+91) 983 893 3937" "Frontline house" "French-IN"(file:///C:/Users/sathish.suresh/Documents/RestAssured/src/test/java/features/MapAPI.feature:7)
]]>
    </failure>
  </testcase> <!-- runScenario -->
  <testcase classname="io.cucumber.testng.AbstractTestNGCucumberTests" name="runScenario" time="0.011">
    <failure type="java.io.FileNotFoundException" message="C:\Users\sathish.suresh\eclipse-workspace\RestApiFramwork\src\test\java\Resource\global.properties (The system cannot find the path specified)">
      <![CDATA[java.io.FileNotFoundException: C:\Users\sathish.suresh\eclipse-workspace\RestApiFramwork\src\test\java\Resource\global.properties (The system cannot find the path specified)
at java.base/java.io.FileInputStream.open0(Native Method)
at java.base/java.io.FileInputStream.open(FileInputStream.java:216)
at java.base/java.io.FileInputStream.<init>(FileInputStream.java:157)
at java.base/java.io.FileInputStream.<init>(FileInputStream.java:111)
at Resource.Utils.getGlobalProperty(Utils.java:42)
at Resource.Utils.getRequestSpecification(Utils.java:25)
at stepDefinations.stepDefination.add_place_payload_with(stepDefination.java:31)
at ✽.Add Place payload with "39 March center, jain" "(+91) 403 733 937" "Backlight house" "Englist"(file:///C:/Users/sathish.suresh/Documents/RestAssured/src/test/java/features/MapAPI.feature:7)
]]>
    </failure>
  </testcase> <!-- runScenario -->
</testsuite> <!-- Default test -->
