<?xml version="1.0" encoding="UTF-8"?>
<!-- Generated by org.testng.reporters.JUnitXMLReporter -->
<testsuite ignored="1" hostname="Asplap2656" failures="0" tests="14" name="Test" time="51.989" errors="0" timestamp="2024-01-10T09:54:35 IST">
  <testcase classname="DemoPractices.RestAPIWithExcel" name="getExcelDateInAPI" time="7.086"/>
  <testcase classname="DemoPractices.MapApiWithSerialization" name="mapSerialization" time="0.861"/>
  <testcase classname="DemoPractices.OAuthTestWithPojo_Deserialization" name="OAuthWithDeserialize" time="26.612"/>
  <testcase classname="DemoPractices.GetPayloadFromFile" name="addPlace" time="0.31"/>
  <testcase classname="DemoPractices.OAuthTest" name="authenticationOAuth" time="11.521"/>
  <testcase classname="DemoPractices.SpecBuilderTest" name="specBuild" time="0.251"/>
  <testcase classname="DemoPractices.ClientApiAutomationE2E" name="clientAPIEnd2End" time="1.674"/>
  <testcase classname="DemoPractices.ComplexJsonPractice" name="getComplexJson" time="0.437"/>
  <testcase classname="DemoPractices.HashMapInteg" name="hashMapIntegration" time="0.243"/>
  <testcase classname="DemoPractices.MapAPIs" name="mapAPI" time="1.974"/>
  <testcase classname="DemoPractices.BookAPI" name="addBook" time="0.279"/>
  <testcase classname="DemoPractices.BookAPI" name="addBook" time="0.265"/>
  <testcase classname="DemoPractices.BookAPI" name="addBook" time="0.185"/>
  <testcase classname="DemoPractices.BookAPI" name="addBook" time="0.19"/>
  <testcase classname="DemoPractices.GraphqlTest" name="graphQLTest" time="0.0">
    <ignored/>
  </testcase> <!-- graphQLTest -->
</testsuite> <!-- Test -->
