<?xml version="1.0" encoding="UTF-8"?>
<!-- Generated by org.testng.reporters.JUnitXMLReporter -->
<testsuite ignored="3" hostname="Asplap2656" failures="0" tests="14" name="Test" time="15.577" errors="0" timestamp="2024-01-10T14:39:37 IST">
  <testcase classname="DemoPractices.RestAPIWithExcel" name="getExcelDateInAPI" time="5.559"/>
  <testcase classname="DemoPractices.MapApiWithSerialization" name="mapSerialization" time="0.867"/>
  <testcase classname="DemoPractices.GetPayloadFromFile" name="addPlace" time="0.256"/>
  <testcase classname="DemoPractices.SpecBuilderTest" name="specBuild" time="0.334"/>
  <testcase classname="DemoPractices.ClientApiAutomationE2E" name="clientAPIEnd2End" time="1.886"/>
  <testcase classname="DemoPractices.ComplexJsonPractice" name="getComplexJson" time="0.574"/>
  <testcase classname="DemoPractices.HashMapInteg" name="hashMapIntegration" time="0.412"/>
  <testcase classname="DemoPractices.MapAPIs" name="mapAPI" time="2.144"/>
  <testcase classname="DemoPractices.BookAPI" name="addBook" time="0.208"/>
  <testcase classname="DemoPractices.BookAPI" name="addBook" time="0.224"/>
  <testcase classname="DemoPractices.BookAPI" name="addBook" time="0.218"/>
  <testcase classname="DemoPractices.BookAPI" name="addBook" time="0.189"/>
  <testcase classname="io.cucumber.testng.AbstractTestNGCucumberTests" name="runScenario" time="0.967"/>
  <testcase classname="io.cucumber.testng.AbstractTestNGCucumberTests" name="runScenario" time="1.123"/>
  <testcase classname="DemoPractices.OAuthTestWithPojo_Deserialization" name="OAuthWithDeserialize" time="0.0">
    <ignored/>
  </testcase> <!-- OAuthWithDeserialize -->
  <testcase classname="DemoPractices.GraphqlTest" name="graphQLTest" time="0.0">
    <ignored/>
  </testcase> <!-- graphQLTest -->
  <testcase classname="DemoPractices.OAuthTest" name="authenticationOAuth" time="0.0">
    <ignored/>
  </testcase> <!-- authenticationOAuth -->
</testsuite> <!-- Test -->
